#
# A fatal error has been detected by the Java Runtime Environment:
#
#  SIGBUS (0xa) at pc=0x000000010f7e2698, pid=9647, tid=0x0000000000003203
#
# JRE version: Java(TM) SE Runtime Environment (8.0_181-b13) (build 1.8.0_181-b13)
# Java VM: Java HotSpot(TM) 64-Bit Server VM (25.181-b13 mixed mode bsd-amd64 compressed oops)
# Problematic frame:
# V  [libjvm.dylib+0x1e2698]  ConstantPool::impl_name_and_type_ref_index_at(int, bool)+0x4c
#
# Failed to write core dump. Core dumps have been disabled. To enable core dumping, try "ulimit -c unlimited" before starting Java again
#
# If you would like to submit a bug report, please visit:
#   http://bugreport.java.com/bugreport/crash.jsp
#

---------------  T H R E A D  ---------------

Current thread (0x00007fdce181f800):  VMThread [stack: 0x0000700010a2e000,0x0000700010b2e000] [id=12803]

siginfo: si_signo: 10 (SIGBUS), si_code: 2 (BUS_ADRERR), si_addr: 0x0000000129b31010

Registers:
RAX=0x00000001299c4f80, RBX=0x0000000000000008, RCX=0x000000000016c080, RDX=0x0000000000000000
RSP=0x0000700010b2d4d0, RBP=0x0000700010b2d4d0, RSI=0x000000000000b604, RDI=0x00000001299c4148
R8 =0x0000000000000008, R9 =0x000000008a000000, R10=0x000000003fffffff, R11=0xffffffffffffffd0
R12=0x0000700010b2d6f8, R13=0x00000001299c4148, R14=0x0000000000000001, R15=0x0000000000000001
RIP=0x000000010f7e2698, EFLAGS=0x0000000000010202, ERR=0x0000000000000004
  TRAPNO=0x000000000000000e

Top of Stack: (sp=0x0000700010b2d4d0)
0x0000700010b2d4d0:   0000700010b2d530 000000010f888d7e
0x0000700010b2d4e0:   0000700010b2d500 000000010fbad142
0x0000700010b2d4f0:   0000700010b2d548 0000700010b2d6f8
0x0000700010b2d500:   0000700010b2d530 00007fdce0512e30
0x0000700010b2d510:   0000700010b2d548 00000001299c4ee8
0x0000700010b2d520:   0000700010b2d6f8 00000000000000b6
0x0000700010b2d530:   0000700010b2d5b0 000000010f88a7ec
0x0000700010b2d540:   0000000000000000 0000700010b2d580
0x0000700010b2d550:   00000001299c4ee8 00007fdce181f800
0x0000700010b2d560:   0000000b00000008 000000b2000000b6
0x0000700010b2d570:   000000b210b20000 00000001299c4ee8
0x0000700010b2d580:   00007fdce181f800 00000001299c4ee8
0x0000700010b2d590:   0000700010b2d6f8 00000001299c4ee8
0x0000700010b2d5a0:   0000000000000000 0000000000000028
0x0000700010b2d5b0:   0000700010b2d5e0 000000010f88aa3b
0x0000700010b2d5c0:   0000700010b2d5e0 0000700010b2d6f8
0x0000700010b2d5d0:   0000700010b2d6f8 00000001299c4ee8
0x0000700010b2d5e0:   0000700010b2d600 000000010f88afd2
0x0000700010b2d5f0:   0000700010b2d6f8 00007fdce181f800
0x0000700010b2d600:   0000700010b2d690 000000010f88b3eb
0x0000700010b2d610:   0000700010b20000 0000000000000000
0x0000700010b2d620:   000000010fc2e8be 0000000000000000
0x0000700010b2d630:   000000010fc2ec5a 0000000000000100
0x0000700010b2d640:   0000000000000000 0000000000000000
0x0000700010b2d650:   0000000000000100 0000700010b2d716
0x0000700010b2d660:   00000001299c4ee8 00007fdce181f800
0x0000700010b2d670:   00000001299c4ee8 0000700010b2d6f8
0x0000700010b2d680:   00007fdce181f800 00007fdce28251d0
0x0000700010b2d690:   0000700010b2d6e0 000000010fa85331
0x0000700010b2d6a0:   00007fdce0415b30 00007fdce0512d60
0x0000700010b2d6b0:   00007fdce0512d70 00007fdce0513148
0x0000700010b2d6c0:   00000000000003d8 000000000000008e 

Instructions: (pc=0x000000010f7e2698)
0x000000010f7e2678:   63 ce 48 c1 e1 05 ba ff ff 00 00 48 23 54 08 10
0x000000010f7e2688:   8b 44 d7 50 c1 e8 10 5d c3 48 63 ce 48 c1 e1 05
0x000000010f7e2698:   48 8b 4c 08 10 0f b7 f1 48 63 c6 8b 44 c7 50 eb
0x000000010f7e26a8:   e3 90 55 48 89 e5 53 48 83 ec 08 48 89 fb 48 89 

Register to memory mapping:

RAX=0x00000001299c4f80 is pointing into metadata
RBX=0x0000000000000008 is an unknown value
RCX=0x000000000016c080 is an unknown value
RDX=0x0000000000000000 is an unknown value
RSP=0x0000700010b2d4d0 is an unknown value
RBP=0x0000700010b2d4d0 is an unknown value
RSI=0x000000000000b604 is an unknown value
RDI=0x00000001299c4148 is pointing into metadata
R8 =0x0000000000000008 is an unknown value
R9 =0x000000008a000000 is an unknown value
R10=0x000000003fffffff is an unknown value
R11=0xffffffffffffffd0 is an unknown value
R12=0x0000700010b2d6f8 is an unknown value
R13=0x00000001299c4148 is pointing into metadata
R14=0x0000000000000001 is an unknown value
R15=0x0000000000000001 is an unknown value


Stack: [0x0000700010a2e000,0x0000700010b2e000],  sp=0x0000700010b2d4d0,  free space=1021k
Native frames: (J=compiled Java code, j=interpreted, Vv=VM code, C=native code)
V  [libjvm.dylib+0x1e2698]  ConstantPool::impl_name_and_type_ref_index_at(int, bool)+0x4c
V  [libjvm.dylib+0x288d7e]  GenerateOopMap::do_field(int, int, int, int)+0x36
V  [libjvm.dylib+0x28a7ec]  GenerateOopMap::interp_bb(BasicBlock*)+0x104
V  [libjvm.dylib+0x28aa3b]  GenerateOopMap::interp_all()+0x31
V  [libjvm.dylib+0x28afd2]  GenerateOopMap::do_interpretation()+0x44
V  [libjvm.dylib+0x28b3eb]  GenerateOopMap::compute_map(Thread*)+0x1fb
V  [libjvm.dylib+0x485331]  OopMapForCacheEntry::compute_map(Thread*)+0x8f
V  [libjvm.dylib+0x48553a]  OopMapCacheEntry::fill(methodHandle, int)+0x19e
V  [libjvm.dylib+0x48571b]  OopMapCache::compute_one_oop_map(methodHandle, int, InterpreterOopMap*)+0x16b
V  [libjvm.dylib+0x4859d2]  OopMapCache::lookup(methodHandle, int, InterpreterOopMap*) const+0x25c
V  [libjvm.dylib+0x2c2b04]  InstanceKlass::mask_for(methodHandle, int, InterpreterOopMap*)+0xd2
V  [libjvm.dylib+0x45306d]  Method::mask_for(int, InterpreterOopMap*)+0xb3
V  [libjvm.dylib+0x39afbf]  VM_GetOrSetLocal::doit()+0x47
V  [libjvm.dylib+0x5bd499]  VM_Operation::evaluate()+0x4f
V  [libjvm.dylib+0x5bba31]  VMThread::evaluate_operation(VM_Operation*)+0xdf
V  [libjvm.dylib+0x5bbe7e]  VMThread::loop()+0x328
V  [libjvm.dylib+0x5bb79d]  VMThread::run()+0x79
V  [libjvm.dylib+0x48e342]  java_start(Thread*)+0xf6
C  [libsystem_pthread.dylib+0x3305]  _pthread_body+0x7e
C  [libsystem_pthread.dylib+0x626f]  _pthread_start+0x46
C  [libsystem_pthread.dylib+0x2415]  thread_start+0xd

VM_Operation (0x0000700010f39958): GetOrSetLocal, mode: safepoint, requested by thread 0x00007fdce0803800


---------------  P R O C E S S  ---------------

Java Threads: ( => current thread )
  0x00007fdce3827000 JavaThread "Service Thread" daemon [_thread_blocked, id=43267, stack(0x000070001154f000,0x000070001164f000)]
  0x00007fdce3081800 JavaThread "C1 CompilerThread3" daemon [_thread_blocked, id=21763, stack(0x000070001144c000,0x000070001154c000)]
  0x00007fdce30b1800 JavaThread "C2 CompilerThread2" daemon [_thread_blocked, id=16387, stack(0x0000700011349000,0x0000700011449000)]
  0x00007fdce089c000 JavaThread "C2 CompilerThread1" daemon [_thread_blocked, id=16899, stack(0x0000700011246000,0x0000700011346000)]
  0x00007fdce385e800 JavaThread "C2 CompilerThread0" daemon [_thread_blocked, id=17411, stack(0x0000700011143000,0x0000700011243000)]
  0x00007fdce182b800 JavaThread "JDWP Command Reader" daemon [_thread_in_native, id=15875, stack(0x0000700011040000,0x0000700011140000)]
  0x00007fdce082b800 JavaThread "JDWP Event Helper Thread" daemon [_thread_blocked, id=15363, stack(0x0000700010f3d000,0x000070001103d000)]
  0x00007fdce0803800 JavaThread "JDWP Transport Listener: dt_socket" daemon [_thread_blocked, id=14855, stack(0x0000700010e3a000,0x0000700010f3a000)]
  0x00007fdce2009000 JavaThread "Signal Dispatcher" daemon [_thread_blocked, id=17923, stack(0x0000700010d37000,0x0000700010e37000)]
  0x00007fdce3848000 JavaThread "Finalizer" daemon [_thread_blocked, id=13315, stack(0x0000700010c34000,0x0000700010d34000)]
  0x00007fdce3847000 JavaThread "Reference Handler" daemon [_thread_blocked, id=19715, stack(0x0000700010b31000,0x0000700010c31000)]
  0x00007fdce1808000 JavaThread "main" [_thread_blocked, id=6147, stack(0x0000700010113000,0x0000700010213000)]

Other Threads:
=>0x00007fdce181f800 VMThread [stack: 0x0000700010a2e000,0x0000700010b2e000] [id=12803]
  0x00007fdce384a000 WatcherThread [stack: 0x0000700011652000,0x0000700011752000] [id=22531]

VM state:at safepoint (normal execution)

VM Mutex/Monitor currently owned by a thread:  ([mutex/lock_event])
[0x00007fdce0403bb0] Threads_lock - owner thread: 0x00007fdce181f800

Heap:
 PSYoungGen      total 76288K, used 7867K [0x000000076ab00000, 0x0000000770000000, 0x00000007c0000000)
  eden space 65536K, 12% used [0x000000076ab00000,0x000000076b2aee60,0x000000076eb00000)
  from space 10752K, 0% used [0x000000076f580000,0x000000076f580000,0x0000000770000000)
  to   space 10752K, 0% used [0x000000076eb00000,0x000000076eb00000,0x000000076f580000)
 ParOldGen       total 175104K, used 0K [0x00000006c0000000, 0x00000006cab00000, 0x000000076ab00000)
  object space 175104K, 0% used [0x00000006c0000000,0x00000006c0000000,0x00000006cab00000)
 Metaspace       used 5039K, capacity 5138K, committed 5248K, reserved 1056768K
  class space    used 522K, capacity 561K, committed 640K, reserved 1048576K

Card table byte_map: [0x0000000110974000,0x0000000111175000] byte_map_base: 0x000000010d374000

Marking Bits: (ParMarkBitMap*) 0x000000010fef9cd0
 Begin Bits: [0x00000001116cb000, 0x00000001156cb000)
 End Bits:   [0x00000001156cb000, 0x00000001196cb000)

Polling page: 0x000000010e460000

CodeCache: size=245760Kb used=1636Kb max_used=1648Kb free=244123Kb
 bounds [0x000000011a588000, 0x000000011a7f8000, 0x0000000129588000]
 total_blobs=448 nmethods=168 adapters=202
 compilation: enabled

Compilation events (10 events):
Event: 1198.434 Thread 0x00007fdce3081800  164  s    3       java.lang.StringBuffer::append (13 bytes)
Event: 1198.434 Thread 0x00007fdce3081800 nmethod 164 0x000000011a6f1c50 code [0x000000011a6f1dc0, 0x000000011a6f20e8]
Event: 1211.344 Thread 0x00007fdce089c000  165       4       org.eclipse.jdt.launching.internal.org.objectweb.asm.ClassReader::readUTF (44 bytes)
Event: 1211.362 Thread 0x00007fdce089c000 nmethod 165 0x000000011a724350 code [0x000000011a724500, 0x000000011a725218]
Event: 1328.061 Thread 0x00007fdce3081800  166       1       org.eclipse.jdt.launching.internal.org.objectweb.asm.SymbolTable::getSource (5 bytes)
Event: 1328.062 Thread 0x00007fdce3081800 nmethod 166 0x000000011a724090 code [0x000000011a7241e0, 0x000000011a7242f0]
Event: 1328.062 Thread 0x00007fdce3081800  167       3       org.eclipse.jdt.launching.internal.org.objectweb.asm.Handler::getExceptionTableSize (10 bytes)
Event: 1328.062 Thread 0x00007fdce3081800 nmethod 167 0x000000011a723b90 code [0x000000011a723d00, 0x000000011a723f50]
Event: 1328.062 Thread 0x00007fdce3081800  168       1       org.eclipse.jdt.launching.internal.org.objectweb.asm.MethodWriter::hasAsmInstructions (5 bytes)
Event: 1328.062 Thread 0x00007fdce3081800 nmethod 168 0x000000011a7238d0 code [0x000000011a723a20, 0x000000011a723b30]

GC Heap History (0 events):
No events

Deoptimization events (0 events):
No events

Classes redefined (10 events):
Event: 1030.538 Thread 0x00007fdce181f800 redefined class name=leetcode.MyLinkedList, count=8
Event: 1030.539 Thread 0x00007fdce181f800 redefined class name=leetcode.MyLinkedList$Node, count=8
Event: 1072.701 Thread 0x00007fdce181f800 redefined class name=leetcode.MyLinkedList, count=9
Event: 1072.702 Thread 0x00007fdce181f800 redefined class name=leetcode.MyLinkedList$Node, count=9
Event: 1198.404 Thread 0x00007fdce181f800 redefined class name=leetcode.MyLinkedList, count=10
Event: 1198.404 Thread 0x00007fdce181f800 redefined class name=leetcode.MyLinkedList$Node, count=10
Event: 1211.345 Thread 0x00007fdce181f800 redefined class name=leetcode.MyLinkedList, count=11
Event: 1211.346 Thread 0x00007fdce181f800 redefined class name=leetcode.MyLinkedList$Node, count=11
Event: 1328.063 Thread 0x00007fdce181f800 redefined class name=leetcode.MyLinkedList, count=12
Event: 1328.064 Thread 0x00007fdce181f800 redefined class name=leetcode.MyLinkedList$Node, count=12

Internal exceptions (2 events):
Event: 0.040 Thread 0x00007fdce1808000 Exception <a 'java/lang/NoSuchMethodError': Method sun.misc.Unsafe.defineClass(Ljava/lang/String;[BII)Ljava/lang/Class; name or signature does not match> (0x000000076ab07cb0) thrown at [/Users/java_re/workspace/8-2-build-macosx-x86_64/jdk8u181/11358/hotsp
Event: 0.040 Thread 0x00007fdce1808000 Exception <a 'java/lang/NoSuchMethodError': Method sun.misc.Unsafe.prefetchRead(Ljava/lang/Object;J)V name or signature does not match> (0x000000076ab07f98) thrown at [/Users/java_re/workspace/8-2-build-macosx-x86_64/jdk8u181/11358/hotspot/src/share/vm/pr

Events (10 events):
Event: 1211.560 Executing VM operation: GetCurrentContendedMonitor done
Event: 1328.062 Executing VM operation: RedefineClasses
Event: 1328.065 Executing VM operation: RedefineClasses done
Event: 1328.070 Executing VM operation: ChangeBreakpoints
Event: 1328.070 Executing VM operation: ChangeBreakpoints done
Event: 1328.388 Executing VM operation: GetOwnedMonitorInfo
Event: 1328.388 Executing VM operation: GetOwnedMonitorInfo done
Event: 1328.388 Executing VM operation: GetCurrentContendedMonitor
Event: 1328.389 Executing VM operation: GetCurrentContendedMonitor done
Event: 1860.070 Executing VM operation: GetOrSetLocal


Dynamic libraries:
0x00007fff42249000 	/System/Library/Frameworks/Cocoa.framework/Versions/A/Cocoa
0x00007fff4e508000 	/System/Library/Frameworks/Security.framework/Versions/A/Security
0x00007fff40e50000 	/System/Library/Frameworks/ApplicationServices.framework/Versions/A/ApplicationServices
0x00007fff6faf7000 	/usr/lib/libz.1.dylib
0x00007fff6d16c000 	/usr/lib/libSystem.B.dylib
0x00007fff6ec14000 	/usr/lib/libobjc.A.dylib
0x00007fff42a6c000 	/System/Library/Frameworks/CoreFoundation.framework/Versions/A/CoreFoundation
0x00007fff44df1000 	/System/Library/Frameworks/Foundation.framework/Versions/C/Foundation
0x00007fff3ffdd000 	/System/Library/Frameworks/AppKit.framework/Versions/C/AppKit
0x00007fff425e0000 	/System/Library/Frameworks/CoreData.framework/Versions/A/CoreData
0x00007fff6633a000 	/System/Library/PrivateFrameworks/RemoteViewServices.framework/Versions/A/RemoteViewServices
0x00007fff6ae3a000 	/System/Library/PrivateFrameworks/UIFoundation.framework/Versions/A/UIFoundation
0x00007fff6c5f2000 	/System/Library/PrivateFrameworks/XCTTargetBootstrap.framework/Versions/A/XCTTargetBootstrap
0x00007fff60e3d000 	/System/Library/PrivateFrameworks/IconServices.framework/Versions/A/IconServices
0x00007fff476bb000 	/System/Library/Frameworks/Metal.framework/Versions/A/Metal
0x00007fff5803f000 	/System/Library/PrivateFrameworks/DesktopServicesPriv.framework/Versions/A/DesktopServicesPriv
0x00007fff6df27000 	/usr/lib/libenergytrace.dylib
0x00007fff68bab000 	/System/Library/PrivateFrameworks/SkyLight.framework/Versions/A/SkyLight
0x00007fff42ebb000 	/System/Library/Frameworks/CoreGraphics.framework/Versions/A/CoreGraphics
0x00007fff3ed98000 	/System/Library/Frameworks/Accelerate.framework/Versions/A/Accelerate
0x00007fff4557b000 	/System/Library/Frameworks/IOSurface.framework/Versions/A/IOSurface
0x00007fff57ea1000 	/System/Library/PrivateFrameworks/DFRFoundation.framework/Versions/A/DFRFoundation
0x00007fff41355000 	/System/Library/Frameworks/AudioToolbox.framework/Versions/A/AudioToolbox
0x00007fff415f4000 	/System/Library/Frameworks/AudioUnit.framework/Versions/A/AudioUnit
0x00007fff57f38000 	/System/Library/PrivateFrameworks/DataDetectorsCore.framework/Versions/A/DataDetectorsCore
0x00007fff41d33000 	/System/Library/Frameworks/Carbon.framework/Versions/A/Frameworks/HIToolbox.framework/Versions/A/HIToolbox
0x00007fff6e082000 	/usr/lib/libicucore.A.dylib
0x00007fff4da5b000 	/System/Library/Frameworks/QuartzCore.framework/Versions/A/QuartzCore
0x00007fff4211a000 	/System/Library/Frameworks/Carbon.framework/Versions/A/Frameworks/SpeechRecognition.framework/Versions/A/SpeechRecognition
0x00007fff6d2cf000 	/usr/lib/libauto.dylib
0x00007fff6f9ea000 	/usr/lib/libxml2.2.dylib
0x00007fff57aa0000 	/System/Library/PrivateFrameworks/CoreUI.framework/Versions/A/CoreUI
0x00007fff424be000 	/System/Library/Frameworks/CoreAudio.framework/Versions/A/CoreAudio
0x00007fff44c23000 	/System/Library/Frameworks/DiskArbitration.framework/Versions/A/DiskArbitration
0x00007fff6e332000 	/usr/lib/liblangid.dylib
0x00007fff622ed000 	/System/Library/PrivateFrameworks/MultitouchSupport.framework/Versions/A/MultitouchSupport
0x00007fff454e6000 	/System/Library/Frameworks/IOKit.framework/Versions/A/IOKit
0x00007fff6cdba000 	/usr/lib/libDiagnosticMessagesClient.dylib
0x00007fff43d29000 	/System/Library/Frameworks/CoreServices.framework/Versions/A/CoreServices
0x00007fff64023000 	/System/Library/PrivateFrameworks/PerformanceAnalysis.framework/Versions/A/PerformanceAnalysis
0x00007fff4cbf0000 	/System/Library/Frameworks/OpenGL.framework/Versions/A/OpenGL
0x00007fff42257000 	/System/Library/Frameworks/ColorSync.framework/Versions/A/ColorSync
0x00007fff4354a000 	/System/Library/Frameworks/CoreImage.framework/Versions/A/CoreImage
0x00007fff4476c000 	/System/Library/Frameworks/CoreText.framework/Versions/A/CoreText
0x00007fff455dc000 	/System/Library/Frameworks/ImageIO.framework/Versions/A/ImageIO
0x00007fff540db000 	/System/Library/PrivateFrameworks/Backup.framework/Versions/A/Backup
0x00007fff6d222000 	/usr/lib/libarchive.2.dylib
0x00007fff41958000 	/System/Library/Frameworks/CFNetwork.framework/Versions/A/CFNetwork
0x00007fff4ecb3000 	/System/Library/Frameworks/SystemConfiguration.framework/Versions/A/SystemConfiguration
0x00007fff6cce3000 	/usr/lib/libCRFSuite.dylib
0x00007fff6d3c6000 	/usr/lib/libc++.1.dylib
0x00007fff6d41e000 	/usr/lib/libc++abi.dylib
0x00007fff6fb7a000 	/usr/lib/system/libcache.dylib
0x00007fff6fb7f000 	/usr/lib/system/libcommonCrypto.dylib
0x00007fff6fb8a000 	/usr/lib/system/libcompiler_rt.dylib
0x00007fff6fb92000 	/usr/lib/system/libcopyfile.dylib
0x00007fff6fb9c000 	/usr/lib/system/libcorecrypto.dylib
0x00007fff6fca7000 	/usr/lib/system/libdispatch.dylib
0x00007fff6fce2000 	/usr/lib/system/libdyld.dylib
0x00007fff6fd12000 	/usr/lib/system/libkeymgr.dylib
0x00007fff6fd20000 	/usr/lib/system/liblaunch.dylib
0x00007fff6fd21000 	/usr/lib/system/libmacho.dylib
0x00007fff6fd27000 	/usr/lib/system/libquarantine.dylib
0x00007fff6fd2a000 	/usr/lib/system/libremovefile.dylib
0x00007fff6fd2c000 	/usr/lib/system/libsystem_asl.dylib
0x00007fff6fd44000 	/usr/lib/system/libsystem_blocks.dylib
0x00007fff6fd45000 	/usr/lib/system/libsystem_c.dylib
0x00007fff6fdce000 	/usr/lib/system/libsystem_configuration.dylib
0x00007fff6fdd2000 	/usr/lib/system/libsystem_coreservices.dylib
0x00007fff6fdd6000 	/usr/lib/system/libsystem_darwin.dylib
0x00007fff6fddd000 	/usr/lib/system/libsystem_dnssd.dylib
0x00007fff6fde4000 	/usr/lib/system/libsystem_info.dylib
0x00007fff6fe5a000 	/usr/lib/system/libsystem_m.dylib
0x00007fff6fea6000 	/usr/lib/system/libsystem_malloc.dylib
0x00007fff6fecb000 	/usr/lib/system/libsystem_networkextension.dylib
0x00007fff6fed7000 	/usr/lib/system/libsystem_notify.dylib
0x00007fff6fef4000 	/usr/lib/system/libsystem_sandbox.dylib
0x00007fff6fef8000 	/usr/lib/system/libsystem_secinit.dylib
0x00007fff6fe31000 	/usr/lib/system/libsystem_kernel.dylib
0x00007fff6fedf000 	/usr/lib/system/libsystem_platform.dylib
0x00007fff6fee9000 	/usr/lib/system/libsystem_pthread.dylib
0x00007fff6fefb000 	/usr/lib/system/libsystem_symptoms.dylib
0x00007fff6ff03000 	/usr/lib/system/libsystem_trace.dylib
0x00007fff6ff1a000 	/usr/lib/system/libunwind.dylib
0x00007fff6ff20000 	/usr/lib/system/libxpc.dylib
0x00007fff6d3a6000 	/usr/lib/libbsm.0.dylib
0x00007fff6fd13000 	/usr/lib/system/libkxld.dylib
0x00007fff53388000 	/System/Library/PrivateFrameworks/AppleFSCompression.framework/Versions/A/AppleFSCompression
0x00007fff6d02b000 	/usr/lib/libOpenScriptingUtil.dylib
0x00007fff6d709000 	/usr/lib/libcoretls.dylib
0x00007fff6d720000 	/usr/lib/libcoretls_cfhelpers.dylib
0x00007fff6f3ad000 	/usr/lib/libpam.2.dylib
0x00007fff6f570000 	/usr/lib/libsqlite3.dylib
0x00007fff6f9d8000 	/usr/lib/libxar.1.dylib
0x00007fff6d3b7000 	/usr/lib/libbz2.1.0.dylib
0x00007fff6e334000 	/usr/lib/liblzma.5.dylib
0x00007fff6e82a000 	/usr/lib/libnetwork.dylib
0x00007fff6d20b000 	/usr/lib/libapple_nghttp2.dylib
0x00007fff6f3b4000 	/usr/lib/libpcap.A.dylib
0x00007fff440cd000 	/System/Library/Frameworks/CoreServices.framework/Versions/A/Frameworks/FSEvents.framework/Versions/A/FSEvents
0x00007fff43da9000 	/System/Library/Frameworks/CoreServices.framework/Versions/A/Frameworks/CarbonCore.framework/Versions/A/CarbonCore
0x00007fff442a2000 	/System/Library/Frameworks/CoreServices.framework/Versions/A/Frameworks/Metadata.framework/Versions/A/Metadata
0x00007fff44345000 	/System/Library/Frameworks/CoreServices.framework/Versions/A/Frameworks/OSServices.framework/Versions/A/OSServices
0x00007fff44391000 	/System/Library/Frameworks/CoreServices.framework/Versions/A/Frameworks/SearchKit.framework/Versions/A/SearchKit
0x00007fff43d2a000 	/System/Library/Frameworks/CoreServices.framework/Versions/A/Frameworks/AE.framework/Versions/A/AE
0x00007fff440d6000 	/System/Library/Frameworks/CoreServices.framework/Versions/A/Frameworks/LaunchServices.framework/Versions/A/LaunchServices
0x00007fff44082000 	/System/Library/Frameworks/CoreServices.framework/Versions/A/Frameworks/DictionaryServices.framework/Versions/A/DictionaryServices
0x00007fff44400000 	/System/Library/Frameworks/CoreServices.framework/Versions/A/Frameworks/SharedFileList.framework/Versions/A/SharedFileList
0x00007fff48b81000 	/System/Library/Frameworks/NetFS.framework/Versions/A/NetFS
0x00007fff6258a000 	/System/Library/PrivateFrameworks/NetAuth.framework/Versions/A/NetAuth
0x00007fff6ca26000 	/System/Library/PrivateFrameworks/login.framework/Versions/A/Frameworks/loginsupport.framework/Versions/A/loginsupport
0x00007fff6aa32000 	/System/Library/PrivateFrameworks/TCC.framework/Versions/A/TCC
0x00007fff570a8000 	/System/Library/PrivateFrameworks/CoreNLP.framework/Versions/A/CoreNLP
0x00007fff61fde000 	/System/Library/PrivateFrameworks/MetadataUtilities.framework/Versions/A/MetadataUtilities
0x00007fff6e415000 	/usr/lib/libmecabra.dylib
0x00007fff40e51000 	/System/Library/Frameworks/ApplicationServices.framework/Versions/A/Frameworks/ATS.framework/Versions/A/ATS
0x00007fff411bc000 	/System/Library/Frameworks/ApplicationServices.framework/Versions/A/Frameworks/ColorSyncLegacy.framework/Versions/A/ColorSyncLegacy
0x00007fff4125d000 	/System/Library/Frameworks/ApplicationServices.framework/Versions/A/Frameworks/HIServices.framework/Versions/A/HIServices
0x00007fff412b0000 	/System/Library/Frameworks/ApplicationServices.framework/Versions/A/Frameworks/LangAnalysis.framework/Versions/A/LangAnalysis
0x00007fff412bf000 	/System/Library/Frameworks/ApplicationServices.framework/Versions/A/Frameworks/PrintCore.framework/Versions/A/PrintCore
0x00007fff4130c000 	/System/Library/Frameworks/ApplicationServices.framework/Versions/A/Frameworks/QD.framework/Versions/A/QD
0x00007fff41348000 	/System/Library/Frameworks/ApplicationServices.framework/Versions/A/Frameworks/SpeechSynthesis.framework/Versions/A/SpeechSynthesis
0x00007fff6d446000 	/usr/lib/libcompression.dylib
0x00007fff42982000 	/System/Library/Frameworks/CoreDisplay.framework/Versions/A/CoreDisplay
0x00007fff47983000 	/System/Library/Frameworks/MetalPerformanceShaders.framework/Versions/A/MetalPerformanceShaders
0x00007fff3edb0000 	/System/Library/Frameworks/Accelerate.framework/Versions/A/Frameworks/vImage.framework/Versions/A/vImage
0x00007fff3fe2c000 	/System/Library/Frameworks/Accelerate.framework/Versions/A/Frameworks/vecLib.framework/Versions/A/vecLib
0x00007fff3fd76000 	/System/Library/Frameworks/Accelerate.framework/Versions/A/Frameworks/vecLib.framework/Versions/A/libvMisc.dylib
0x00007fff3fb91000 	/System/Library/Frameworks/Accelerate.framework/Versions/A/Frameworks/vecLib.framework/Versions/A/libvDSP.dylib
0x00007fff3f451000 	/System/Library/Frameworks/Accelerate.framework/Versions/A/Frameworks/vecLib.framework/Versions/A/libBLAS.dylib
0x00007fff3f73c000 	/System/Library/Frameworks/Accelerate.framework/Versions/A/Frameworks/vecLib.framework/Versions/A/libLAPACK.dylib
0x00007fff3fae3000 	/System/Library/Frameworks/Accelerate.framework/Versions/A/Frameworks/vecLib.framework/Versions/A/libLinearAlgebra.dylib
0x00007fff3fb7d000 	/System/Library/Frameworks/Accelerate.framework/Versions/A/Frameworks/vecLib.framework/Versions/A/libSparseBLAS.dylib
0x00007fff3faf9000 	/System/Library/Frameworks/Accelerate.framework/Versions/A/Frameworks/vecLib.framework/Versions/A/libQuadrature.dylib
0x00007fff3f6c9000 	/System/Library/Frameworks/Accelerate.framework/Versions/A/Frameworks/vecLib.framework/Versions/A/libBNNS.dylib
0x00007fff3faff000 	/System/Library/Frameworks/Accelerate.framework/Versions/A/Frameworks/vecLib.framework/Versions/A/libSparse.dylib
0x00007fff5e5cf000 	/System/Library/PrivateFrameworks/GPUWrangler.framework/Versions/A/GPUWrangler
0x00007fff60a04000 	/System/Library/PrivateFrameworks/IOAccelerator.framework/Versions/A/IOAccelerator
0x00007fff60a0f000 	/System/Library/PrivateFrameworks/IOPresentment.framework/Versions/A/IOPresentment
0x00007fff57eb1000 	/System/Library/PrivateFrameworks/DSExternalDisplay.framework/Versions/A/DSExternalDisplay
0x00007fff4c035000 	/System/Library/Frameworks/OpenGL.framework/Versions/A/Libraries/libCoreFSCache.dylib
0x00007fff4776b000 	/System/Library/Frameworks/MetalPerformanceShaders.framework/Frameworks/MPSCore.framework/Versions/A/MPSCore
0x00007fff4778c000 	/System/Library/Frameworks/MetalPerformanceShaders.framework/Frameworks/MPSImage.framework/Versions/A/MPSImage
0x00007fff47834000 	/System/Library/Frameworks/MetalPerformanceShaders.framework/Frameworks/MPSNeuralNetwork.framework/Versions/A/MPSNeuralNetwork
0x00007fff4780b000 	/System/Library/Frameworks/MetalPerformanceShaders.framework/Frameworks/MPSMatrix.framework/Versions/A/MPSMatrix
0x00007fff47967000 	/System/Library/Frameworks/MetalPerformanceShaders.framework/Frameworks/MPSRayIntersector.framework/Versions/A/MPSRayIntersector
0x00007fff62007000 	/System/Library/PrivateFrameworks/MetalTools.framework/Versions/A/MetalTools
0x00007fff52a82000 	/System/Library/PrivateFrameworks/AggregateDictionary.framework/Versions/A/AggregateDictionary
0x00007fff6d00b000 	/usr/lib/libMobileGestalt.dylib
0x00007fff448d2000 	/System/Library/Frameworks/CoreVideo.framework/Versions/A/CoreVideo
0x00007fff5f43f000 	/System/Library/PrivateFrameworks/GraphVisualizer.framework/Versions/A/GraphVisualizer
0x00007fff591da000 	/System/Library/PrivateFrameworks/FaceCore.framework/Versions/A/FaceCore
0x00007fff4b64d000 	/System/Library/Frameworks/OpenCL.framework/Versions/A/OpenCL
0x00007fff6cdf2000 	/usr/lib/libFosl_dynamic.dylib
0x00007fff62e62000 	/System/Library/PrivateFrameworks/OTSVG.framework/Versions/A/OTSVG
0x00007fff40f55000 	/System/Library/Frameworks/ApplicationServices.framework/Versions/A/Frameworks/ATS.framework/Versions/A/Resources/libFontParser.dylib
0x00007fff41075000 	/System/Library/Frameworks/ApplicationServices.framework/Versions/A/Frameworks/ATS.framework/Versions/A/Resources/libFontRegistry.dylib
0x00007fff45866000 	/System/Library/Frameworks/ImageIO.framework/Versions/A/Resources/libJPEG.dylib
0x00007fff45b88000 	/System/Library/Frameworks/ImageIO.framework/Versions/A/Resources/libTIFF.dylib
0x00007fff45b5e000 	/System/Library/Frameworks/ImageIO.framework/Versions/A/Resources/libPng.dylib
0x00007fff4577b000 	/System/Library/Frameworks/ImageIO.framework/Versions/A/Resources/libGIF.dylib
0x00007fff45780000 	/System/Library/Frameworks/ImageIO.framework/Versions/A/Resources/libJP2.dylib
0x00007fff45b85000 	/System/Library/Frameworks/ImageIO.framework/Versions/A/Resources/libRadiance.dylib
0x00007fff534e1000 	/System/Library/PrivateFrameworks/AppleJPEG.framework/Versions/A/AppleJPEG
0x00007fff4c040000 	/System/Library/Frameworks/OpenGL.framework/Versions/A/Libraries/libGFXShared.dylib
0x00007fff4c203000 	/System/Library/Frameworks/OpenGL.framework/Versions/A/Libraries/libGLU.dylib
0x00007fff4c049000 	/System/Library/Frameworks/OpenGL.framework/Versions/A/Libraries/libGL.dylib
0x00007fff4c055000 	/System/Library/Frameworks/OpenGL.framework/Versions/A/Libraries/libGLImage.dylib
0x00007fff4c032000 	/System/Library/Frameworks/OpenGL.framework/Versions/A/Libraries/libCVMSPluginSupport.dylib
0x00007fff4c03b000 	/System/Library/Frameworks/OpenGL.framework/Versions/A/Libraries/libCoreVMClient.dylib
0x00007fff6dd98000 	/usr/lib/libcups.2.dylib
0x00007fff46c80000 	/System/Library/Frameworks/Kerberos.framework/Versions/A/Kerberos
0x00007fff45230000 	/System/Library/Frameworks/GSS.framework/Versions/A/GSS
0x00007fff6f504000 	/usr/lib/libresolv.9.dylib
0x00007fff6df90000 	/usr/lib/libiconv.2.dylib
0x00007fff5f59f000 	/System/Library/PrivateFrameworks/Heimdal.framework/Versions/A/Heimdal
0x00007fff6df5f000 	/usr/lib/libheimdal-asn1.dylib
0x00007fff4b6c3000 	/System/Library/Frameworks/OpenDirectory.framework/Versions/A/OpenDirectory
0x00007fff55da4000 	/System/Library/PrivateFrameworks/CommonAuth.framework/Versions/A/CommonAuth
0x00007fff4b6a6000 	/System/Library/Frameworks/OpenDirectory.framework/Versions/A/Frameworks/CFOpenDirectory.framework/Versions/A/CFOpenDirectory
0x00007fff4e831000 	/System/Library/Frameworks/SecurityFoundation.framework/Versions/A/SecurityFoundation
0x00007fff51f91000 	/System/Library/PrivateFrameworks/APFS.framework/Versions/A/APFS
0x00007fff6f9d4000 	/usr/lib/libutil.dylib
0x00007fff6d434000 	/usr/lib/libcharset.1.dylib
0x00007fff5377d000 	/System/Library/PrivateFrameworks/AppleSauce.framework/Versions/A/AppleSauce
0x00007fff5390b000 	/System/Library/PrivateFrameworks/AssertionServices.framework/Versions/A/AssertionServices
0x00007fff5417e000 	/System/Library/PrivateFrameworks/BaseBoard.framework/Versions/A/BaseBoard
0x00007fff6e364000 	/usr/lib/libmecab.1.0.0.dylib
0x00007fff6df59000 	/usr/lib/libgermantok.dylib
0x00007fff6d1f7000 	/usr/lib/libThaiTokenizer.dylib
0x00007fff6cd1e000 	/usr/lib/libChineseTokenizer.dylib
0x00007fff6113b000 	/System/Library/PrivateFrameworks/LanguageModeling.framework/Versions/A/LanguageModeling
0x00007fff56abe000 	/System/Library/PrivateFrameworks/CoreEmoji.framework/Versions/A/CoreEmoji
0x00007fff61233000 	/System/Library/PrivateFrameworks/Lexicon.framework/Versions/A/Lexicon
0x00007fff6127b000 	/System/Library/PrivateFrameworks/LinguisticData.framework/Versions/A/LinguisticData
0x00007fff6d435000 	/usr/lib/libcmph.dylib
0x00007fff4e8f2000 	/System/Library/Frameworks/ServiceManagement.framework/Versions/A/ServiceManagement
0x00007fff540d1000 	/System/Library/PrivateFrameworks/BackgroundTaskManagement.framework/Versions/A/BackgroundTaskManagement
0x00007fff6face000 	/usr/lib/libxslt.1.dylib
0x00007fff42045000 	/System/Library/Frameworks/Carbon.framework/Versions/A/Frameworks/Ink.framework/Versions/A/Ink
0x00007fff6acb2000 	/System/Library/PrivateFrameworks/TextureIO.framework/Versions/A/TextureIO
0x00007fff6d24c000 	/usr/lib/libate.dylib
0x00007fff57e0d000 	/System/Library/PrivateFrameworks/CrashReporterSupport.framework/Versions/A/CrashReporterSupport
0x00007fff67cd3000 	/System/Library/PrivateFrameworks/Sharing.framework/Versions/A/Sharing
0x00007fff53c5d000 	/System/Library/PrivateFrameworks/AuthKit.framework/Versions/A/AuthKit
0x00007fff53080000 	/System/Library/PrivateFrameworks/Apple80211.framework/Versions/A/Apple80211
0x00007fff57bcd000 	/System/Library/PrivateFrameworks/CoreUtils.framework/Versions/A/CoreUtils
0x00007fff44910000 	/System/Library/Frameworks/CoreWLAN.framework/Versions/A/CoreWLAN
0x00007fff4537a000 	/System/Library/Frameworks/IOBluetooth.framework/Versions/A/IOBluetooth
0x00007fff65ff1000 	/System/Library/PrivateFrameworks/ProtocolBuffer.framework/Versions/A/ProtocolBuffer
0x00007fff62244000 	/System/Library/PrivateFrameworks/MobileKeyBag.framework/Versions/A/MobileKeyBag
0x00007fff573e5000 	/System/Library/PrivateFrameworks/CorePhoneNumbers.framework/Versions/A/CorePhoneNumbers
0x00007fff53495000 	/System/Library/PrivateFrameworks/AppleIDAuthSupport.framework/Versions/A/AppleIDAuthSupport
0x00007fff6110c000 	/System/Library/PrivateFrameworks/KeychainCircle.framework/Versions/A/KeychainCircle
0x00007fff661be000 	/System/Library/PrivateFrameworks/ROCKit.framework/Versions/A/ROCKit
0x00007fff57da9000 	/System/Library/PrivateFrameworks/CoreWiFi.framework/Versions/A/CoreWiFi
0x00007fff425b4000 	/System/Library/Frameworks/CoreBluetooth.framework/Versions/A/CoreBluetooth
0x00007fff57ffd000 	/System/Library/PrivateFrameworks/DebugSymbols.framework/Versions/A/DebugSymbols
0x00007fff57982000 	/System/Library/PrivateFrameworks/CoreSymbolication.framework/Versions/A/CoreSymbolication
0x00007fff6a49c000 	/System/Library/PrivateFrameworks/Symbolication.framework/Versions/A/Symbolication
0x00007fff6962e000 	/System/Library/PrivateFrameworks/SpeechRecognitionCore.framework/Versions/A/SpeechRecognitionCore
0x000000010f600000 	/Library/Java/JavaVirtualMachines/jdk1.8.0_181.jdk/Contents/Home/jre/lib/server/libjvm.dylib
0x00007fff6f898000 	/usr/lib/libstdc++.6.dylib
0x000000010e41c000 	/Library/Java/JavaVirtualMachines/jdk1.8.0_181.jdk/Contents/Home/jre/lib/libverify.dylib
0x000000010e42a000 	/Library/Java/JavaVirtualMachines/jdk1.8.0_181.jdk/Contents/Home/jre/lib/libjava.dylib
0x000000010e461000 	/Library/Java/JavaVirtualMachines/jdk1.8.0_181.jdk/Contents/Home/jre/lib/libjdwp.dylib
0x000000010e4ac000 	/Library/Java/JavaVirtualMachines/jdk1.8.0_181.jdk/Contents/Home/jre/lib/libnpt.dylib
0x000000010e4b0000 	/Library/Java/JavaVirtualMachines/jdk1.8.0_181.jdk/Contents/Home/jre/lib/libinstrument.dylib
0x000000010e54e000 	/Library/Java/JavaVirtualMachines/jdk1.8.0_181.jdk/Contents/Home/jre/lib/libzip.dylib
0x000000012b68e000 	/Library/Java/JavaVirtualMachines/jdk1.8.0_181.jdk/Contents/Home/jre/lib/libdt_socket.dylib

VM Arguments:
jvm_args: -agentlib:jdwp=transport=dt_socket,suspend=y,address=localhost:63216 -javaagent:/Users/cobimom/Desktop/Eclipse.app/Contents/Eclipse/configuration/org.eclipse.osgi/255/0/.cp/lib/javaagent-shaded.jar -Dfile.encoding=UTF-8 
java_command: leetcode.MyLinkedList
java_class_path (initial): /Library/Java/JavaVirtualMachines/jdk1.8.0_181.jdk/Contents/Home/jre/lib/resources.jar:/Library/Java/JavaVirtualMachines/jdk1.8.0_181.jdk/Contents/Home/jre/lib/rt.jar:/Library/Java/JavaVirtualMachines/jdk1.8.0_181.jdk/Contents/Home/jre/lib/jsse.jar:/Library/Java/JavaVirtualMachines/jdk1.8.0_181.jdk/Contents/Home/jre/lib/jce.jar:/Library/Java/JavaVirtualMachines/jdk1.8.0_181.jdk/Contents/Home/jre/lib/charsets.jar:/Library/Java/JavaVirtualMachines/jdk1.8.0_181.jdk/Contents/Home/jre/lib/jfr.jar:/Library/Java/JavaVirtualMachines/jdk1.8.0_181.jdk/Contents/Home/jre/lib/ext/sunec.jar:/Library/Java/JavaVirtualMachines/jdk1.8.0_181.jdk/Contents/Home/jre/lib/ext/nashorn.jar:/Library/Java/JavaVirtualMachines/jdk1.8.0_181.jdk/Contents/Home/jre/lib/ext/cldrdata.jar:/Library/Java/JavaVirtualMachines/jdk1.8.0_181.jdk/Contents/Home/jre/lib/ext/jfxrt.jar:/Library/Java/JavaVirtualMachines/jdk1.8.0_181.jdk/Contents/Home/jre/lib/ext/dnsns.jar:/Library/Java/JavaVirtualMachines/jdk1.8.0_181.jdk/Contents/Home/jre/lib/ext/localedata.jar:/Library/Java/JavaVirtualMachines/jdk1.8.0_181.jdk/Contents/Home/jre/lib/ext/sunjce_provider.jar:/Library/Java/JavaVirtualMachines/jdk1.8.0_181.jdk/Contents/Home/jre/lib/ext/sunpkcs11.jar:/Library/Java/JavaVirtualMachines/jdk1.8.0_181.jdk/Contents/Home/jre/lib/ext/jaccess.jar:/Library/Java/JavaVirtualMachines/jdk1.8.0_181.jdk/Contents/Home/jre/lib/ext/zipfs.jar:/System/Library/Java/Extensions/MRJToolkit.jar:/Users/cobimom/Documents/cs228/leetcode/bin:/Users/cobimom/Desktop/Eclipse.app/Contents/Eclipse/configuration/org.eclipse.osgi/255/0/.cp/lib/javaagent-shaded.jar
Launcher Type: SUN_STANDARD

Environment Variables:
PATH=/usr/bin:/bin:/usr/sbin:/sbin
SHELL=/bin/bash

Signal Handlers:
SIGSEGV: [libjvm.dylib+0x5b6029], sa_mask[0]=11111111011111110111111111111111, sa_flags=SA_ONSTACK|SA_RESTART|SA_SIGINFO
SIGBUS: [libjvm.dylib+0x5b6029], sa_mask[0]=11111111011111110111111111111111, sa_flags=SA_RESTART|SA_SIGINFO
SIGFPE: [libjvm.dylib+0x48b934], sa_mask[0]=11111111011111110111111111111111, sa_flags=SA_RESTART|SA_SIGINFO
SIGPIPE: [libjvm.dylib+0x48b934], sa_mask[0]=11111111011111110111111111111111, sa_flags=SA_RESTART|SA_SIGINFO
SIGXFSZ: [libjvm.dylib+0x48b934], sa_mask[0]=11111111011111110111111111111111, sa_flags=SA_RESTART|SA_SIGINFO
SIGILL: [libjvm.dylib+0x48b934], sa_mask[0]=11111111011111110111111111111111, sa_flags=SA_RESTART|SA_SIGINFO
SIGUSR1: SIG_DFL, sa_mask[0]=00000000000000000000000000000000, sa_flags=none
SIGUSR2: [libjvm.dylib+0x48b452], sa_mask[0]=00100000000000000000000000000000, sa_flags=SA_RESTART|SA_SIGINFO
SIGHUP: [libjvm.dylib+0x489a1d], sa_mask[0]=11111111011111110111111111111111, sa_flags=SA_RESTART|SA_SIGINFO
SIGINT: [libjvm.dylib+0x489a1d], sa_mask[0]=11111111011111110111111111111111, sa_flags=SA_RESTART|SA_SIGINFO
SIGTERM: [libjvm.dylib+0x489a1d], sa_mask[0]=11111111011111110111111111111111, sa_flags=SA_RESTART|SA_SIGINFO
SIGQUIT: [libjvm.dylib+0x489a1d], sa_mask[0]=11111111011111110111111111111111, sa_flags=SA_RESTART|SA_SIGINFO


---------------  S Y S T E M  ---------------

OS:Bsduname:Darwin 18.2.0 Darwin Kernel Version 18.2.0: Thu Dec 20 20:46:53 PST 2018; root:xnu-4903.241.1~1/RELEASE_X86_64 x86_64
rlimit: STACK 8192k, CORE 0k, NPROC 1418, NOFILE 10240, AS infinity
load average:1.81 1.81 1.79

CPU:total 8 (initial active 8) (4 cores per cpu, 2 threads per core) family 6 model 142 stepping 10, cmov, cx8, fxsr, mmx, sse, sse2, sse3, ssse3, sse4.1, sse4.2, popcnt, avx, avx2, aes, clmul, erms, 3dnowpref, lzcnt, ht, tsc, tscinvbit, bmi1, bmi2, adx

Memory: 4k page, physical 16777216k(51044k free)

/proc/meminfo:


vm_info: Java HotSpot(TM) 64-Bit Server VM (25.181-b13) for bsd-amd64 JRE (1.8.0_181-b13), built on Jul  7 2018 01:02:31 by "java_re" with gcc 4.2.1 (Based on Apple Inc. build 5658) (LLVM build 2336.11.00)

time: Sat Mar  2 02:28:02 2019
elapsed time: 1860 seconds (0d 0h 31m 0s)

